<?xml version="1.0" encoding="utf-8"?>
<resources>
    <string name="question1">1. Я чувствую себя эмоционально опустошённым.</string>
    <string name="question2">2. После работы я чувствую себя как «выжатый лимон».</string>
    <string name="question3">3. Утром я чувствую усталость и нежелание идти на работу.</string>
    <string name="question4">4. Я обращаю внимание на эмоции и настроение пассажиров и коллег во время работы.</string>
    <string name="question5">5. Порой я ловлю себя на том, что отношусь к пассажирам и коллегам безэмоционально, как к объектам.</string>
    <string name="question6">6. После работы на некоторое время хочется уединиться от всех и всего.</string>
    <string name="question7">7. Я умею находить правильное решение в конфликтных ситуациях, возникающих при общении с коллегами.</string>
    <string name="question8">8. Я чувствую угнетенность и апатию.</string>
    <string name="question9">9. Я уверен, что моя работа нужна людям.</string>
    <string name="question10">10. В последнее время я стал более «чёрствым» по отношению к тем, с кем работаю.</string>
    <string name="question11">11. Мне кажется, что работа за рулём делает меня более «чёрствым».</string>
    <string name="question12">12. У меня есть планы на будущее, и я верю, что смогу их реализовать.</string>
    <string name="question13">13. Моя работа всё больше меня разочаровывает.</string>
    <string name="question14">14. Мне кажется, что я слишком много работаю.</string>
    <string name="question15">15. Я чувствую безразличие к проблемам пассажиров или коллег.</string>
    <string name="question16">16. Мне нужно время в одиночестве, чтобы восстановиться от работы.</string>
    <string name="question17">17. Я могу создать атмосферу уважения и взаимопомощи среди коллег.</string>
    <string name="question18">18. Во время смены я иногда чувствую внутренний подъём и бодрость.</string>
    <string name="question19">19. Благодаря работе я ощущаю, что сделал что-то действительно значимое.</string>
    <string name="question20">20. Я теряю интерес к тому, что раньше радовало в работе.</string>
    <string name="question21">21. Я спокойно справляюсь с эмоциональными трудностями во время работы.</string>
    <string name="question22">22. Мне кажется, что на меня перекладывают чужие проблемы или обязанности.</string>
</resources>